[08:31:34] [ServerMain/INFO]: Building unoptimized datafixer
[08:31:35] [ServerMain/INFO]: Environment: authHost='https://authserver.mojang.com', accountsHost='https://api.mojang.com', sessionHost='https://sessionserver.mojang.com', servicesHost='https://api.minecraftservices.com', name='PROD'
[08:31:35] [ServerMain/INFO]: Found new data pack file/bukkit, loading it automatically
[08:31:36] [ServerMain/INFO]: Loaded 7 recipes
[08:31:38] [Server thread/INFO]: Starting minecraft server version 1.19.2
[08:31:38] [Server thread/INFO]: Loading properties
[08:31:38] [Server thread/INFO]: This server is running Paper version git-Paper-214 (MC: 1.19.2) (Implementing API version 1.19.2-R0.1-SNAPSHOT) (Git: ec00f99)
[08:31:39] [Server thread/INFO]: Server Ping Player Sample Count: 12
[08:31:39] [Server thread/INFO]: Using 4 threads for Netty based IO
[08:31:39] [Server thread/INFO]: [ChunkTaskScheduler] Chunk system is using 1 I/O threads, 1 worker threads, and gen parallelism of 1 threads
[08:31:39] [Server thread/INFO]: Default game type: SURVIVAL
[08:31:39] [Server thread/INFO]: Generating keypair
[08:31:39] [Server thread/INFO]: Starting Minecraft server on 0.0.0.0:25565
[08:31:39] [Server thread/INFO]: Using epoll channel type
[08:31:39] [Server thread/INFO]: Paper: Using libdeflate (Linux x86_64) compression from Velocity.
[08:31:39] [Server thread/INFO]: Paper: Using OpenSSL 1.1.x (Linux x86_64) cipher from Velocity.
[08:31:39] [Server thread/INFO]: Preparing level "world"
[08:31:49] [Server thread/INFO]: Preparing start region for dimension minecraft:overworld
[08:31:49] [Server thread/INFO]: Time elapsed: 115 ms
[08:31:49] [Server thread/INFO]: Preparing start region for dimension minecraft:the_nether
[08:31:50] [Server thread/INFO]: Time elapsed: 130 ms
[08:31:50] [Server thread/INFO]: Preparing start region for dimension minecraft:the_end
[08:31:50] [Server thread/INFO]: Time elapsed: 123 ms
[08:31:50] [Server thread/INFO]: Running delayed init tasks
[08:31:50] [Server thread/INFO]: Done (11.461s)! For help, type "help"
[08:31:50] [Server thread/INFO]: Timings Reset
